1500929614116	geckodriver	INFO	Listening on 127.0.0.1:61021
1500929615178	geckodriver::marionette	INFO	Starting browser /Applications/Firefox.app/Contents/MacOS/firefox-bin with args ["-marionette"]
1500929618064	Marionette	INFO	Listening on port 61034
2017-07-24 14:53:38.522 plugin-container[4214:461729] *** CFMessagePort: bootstrap_register(): failed 1100 (0x44c) 'Permission denied', port = 0x913b, name = 'com.apple.tsm.portname'
See /usr/include/servers/bootstrap_defs.h for the error codes.
2017-07-24 14:53:38.526 plugin-container[4214:461729] *** CFMessagePort: bootstrap_register(): failed 1100 (0x44c) 'Permission denied', port = 0x9503, name = 'com.apple.CFPasteboardClient'
See /usr/include/servers/bootstrap_defs.h for the error codes.
1500929643190	geckodriver	INFO	Listening on 127.0.0.1:61181
1500929644224	geckodriver::marionette	INFO	Starting browser /Applications/Firefox.app/Contents/MacOS/firefox-bin with args ["-marionette"]
1500929646279	Marionette	INFO	Listening on port 61194
1500929646337	Marionette	WARN	TLS certificate errors will be ignored for this session
2017-07-24 14:54:06.803 plugin-container[4222:462117] *** CFMessagePort: bootstrap_register(): failed 1100 (0x44c) 'Permission denied', port = 0x913b, name = 'com.apple.tsm.portname'
See /usr/include/servers/bootstrap_defs.h for the error codes.
2017-07-24 14:54:06.809 plugin-container[4222:462117] *** CFMessagePort: bootstrap_register(): failed 1100 (0x44c) 'Permission denied', port = 0x9503, name = 'com.apple.CFPasteboardClient'
See /usr/include/servers/bootstrap_defs.h for the error codes.
*************************
A coding exception was thrown and uncaught in a Task.

Full message: TypeError: NetworkError when attempting to fetch resource.
Full stack: 
*************************
1500930986455	geckodriver	INFO	Listening on 127.0.0.1:61682
1500930987499	geckodriver::marionette	INFO	Starting browser /Applications/Firefox.app/Contents/MacOS/firefox-bin with args ["-marionette"]
1500930989854	Marionette	INFO	Listening on port 61695
1500930989948	Marionette	WARN	TLS certificate errors will be ignored for this session
2017-07-24 15:16:30.714 plugin-container[4255:479315] *** CFMessagePort: bootstrap_register(): failed 1100 (0x44c) 'Permission denied', port = 0x8d0b, name = 'com.apple.tsm.portname'
See /usr/include/servers/bootstrap_defs.h for the error codes.
2017-07-24 15:16:30.721 plugin-container[4255:479315] *** CFMessagePort: bootstrap_register(): failed 1100 (0x44c) 'Permission denied', port = 0x9407, name = 'com.apple.CFPasteboardClient'
See /usr/include/servers/bootstrap_defs.h for the error codes.
*************************
A coding exception was thrown and uncaught in a Task.

Full message: TypeError: NetworkError when attempting to fetch resource.
Full stack: 
*************************
1500932148794	geckodriver	INFO	Listening on 127.0.0.1:51140
1500932149829	geckodriver::marionette	INFO	Starting browser /Applications/Firefox.app/Contents/MacOS/firefox-bin with args ["-marionette"]
1500932152010	Marionette	INFO	Listening on port 51153
1500932152185	Marionette	WARN	TLS certificate errors will be ignored for this session
2017-07-24 15:35:52.716 plugin-container[4294:495168] *** CFMessagePort: bootstrap_register(): failed 1100 (0x44c) 'Permission denied', port = 0x913b, name = 'com.apple.tsm.portname'
See /usr/include/servers/bootstrap_defs.h for the error codes.
2017-07-24 15:35:52.720 plugin-container[4294:495168] *** CFMessagePort: bootstrap_register(): failed 1100 (0x44c) 'Permission denied', port = 0x9403, name = 'com.apple.CFPasteboardClient'
See /usr/include/servers/bootstrap_defs.h for the error codes.
1500932704128	geckodriver	INFO	Listening on 127.0.0.1:58306
1500932705169	geckodriver::marionette	INFO	Starting browser /Applications/Firefox.app/Contents/MacOS/firefox-bin with args ["-marionette"]
1500932707166	Marionette	INFO	Listening on port 58319
1500932707289	Marionette	WARN	TLS certificate errors will be ignored for this session
2017-07-24 15:45:07.700 plugin-container[4316:502341] *** CFMessagePort: bootstrap_register(): failed 1100 (0x44c) 'Permission denied', port = 0x913b, name = 'com.apple.tsm.portname'
See /usr/include/servers/bootstrap_defs.h for the error codes.
2017-07-24 15:45:07.704 plugin-container[4316:502341] *** CFMessagePort: bootstrap_register(): failed 1100 (0x44c) 'Permission denied', port = 0x9503, name = 'com.apple.CFPasteboardClient'
See /usr/include/servers/bootstrap_defs.h for the error codes.
1500932747680	geckodriver	INFO	Listening on 127.0.0.1:61908
1500932748719	geckodriver::marionette	INFO	Starting browser /Applications/Firefox.app/Contents/MacOS/firefox-bin with args ["-marionette"]
1500932750706	Marionette	INFO	Listening on port 61921
1500932750825	Marionette	WARN	TLS certificate errors will be ignored for this session
2017-07-24 15:45:51.343 plugin-container[4323:504473] *** CFMessagePort: bootstrap_register(): failed 1100 (0x44c) 'Permission denied', port = 0x913b, name = 'com.apple.tsm.portname'
See /usr/include/servers/bootstrap_defs.h for the error codes.
2017-07-24 15:45:51.344 plugin-container[4323:504473] *** CFMessagePort: bootstrap_register(): failed 1100 (0x44c) 'Permission denied', port = 0x9403, name = 'com.apple.CFPasteboardClient'
See /usr/include/servers/bootstrap_defs.h for the error codes.
*************************
A coding exception was thrown and uncaught in a Task.

Full message: TypeError: NetworkError when attempting to fetch resource.
Full stack: 
*************************
1500932786494	geckodriver	INFO	Listening on 127.0.0.1:63269
1500932787533	geckodriver::marionette	INFO	Starting browser /Applications/Firefox.app/Contents/MacOS/firefox-bin with args ["-marionette"]
1500932789586	Marionette	INFO	Listening on port 63282
1500932789656	Marionette	WARN	TLS certificate errors will be ignored for this session
2017-07-24 15:46:30.177 plugin-container[4329:504872] *** CFMessagePort: bootstrap_register(): failed 1100 (0x44c) 'Permission denied', port = 0x913b, name = 'com.apple.tsm.portname'
See /usr/include/servers/bootstrap_defs.h for the error codes.
2017-07-24 15:46:30.181 plugin-container[4329:504872] *** CFMessagePort: bootstrap_register(): failed 1100 (0x44c) 'Permission denied', port = 0x9403, name = 'com.apple.CFPasteboardClient'
See /usr/include/servers/bootstrap_defs.h for the error codes.
1500933186492	geckodriver	INFO	Listening on 127.0.0.1:53883
1500933187542	geckodriver::marionette	INFO	Starting browser /Applications/Firefox.app/Contents/MacOS/firefox-bin with args ["-marionette"]
1500933189866	Marionette	INFO	Listening on port 53896
1500933189974	Marionette	WARN	TLS certificate errors will be ignored for this session
2017-07-24 15:53:10.416 plugin-container[4340:510720] *** CFMessagePort: bootstrap_register(): failed 1100 (0x44c) 'Permission denied', port = 0x913b, name = 'com.apple.tsm.portname'
See /usr/include/servers/bootstrap_defs.h for the error codes.
2017-07-24 15:53:10.422 plugin-container[4340:510720] *** CFMessagePort: bootstrap_register(): failed 1100 (0x44c) 'Permission denied', port = 0x9403, name = 'com.apple.CFPasteboardClient'
See /usr/include/servers/bootstrap_defs.h for the error codes.
*************************
A coding exception was thrown and uncaught in a Task.

Full message: TypeError: NetworkError when attempting to fetch resource.
Full stack: 
*************************
1500934042590	geckodriver	INFO	Listening on 127.0.0.1:62095
1500934043737	geckodriver::marionette	INFO	Starting browser /Applications/Firefox.app/Contents/MacOS/firefox-bin with args ["-marionette"]
1500934046146	Marionette	ERROR	Error on starting server: [Exception... "Component returned failure code: 0x804b0036 (NS_ERROR_SOCKET_ADDRESS_IN_USE) [nsIServerSocket.initSpecialConnection]"  nsresult: "0x804b0036 (NS_ERROR_SOCKET_ADDRESS_IN_USE)"  location: "JS frame :: chrome://marionette/content/server.js :: MarionetteServer.prototype.start :: line 95"  data: no]
[Exception... "Component returned failure code: 0x804b0036 (NS_ERROR_SOCKET_ADDRESS_IN_USE) [nsIServerSocket.initSpecialConnection]"  nsresult: "0x804b0036 (NS_ERROR_SOCKET_ADDRESS_IN_USE)"  location: "JS frame :: chrome://marionette/content/server.js :: MarionetteServer.prototype.start :: line 95"  data: no]
MarionetteServer.prototype.start@chrome://marionette/content/server.js:95:19
MarionetteComponent.prototype.init@resource://gre/components/marionette.js:247:5
MarionetteComponent.prototype.observe@resource://gre/components/marionette.js:174:9
initializeWindow@resource:///modules/sessionstore/SessionStore.jsm:1145:9
onBeforeBrowserWindowShown/<@resource:///modules/sessionstore/SessionStore.jsm:1295:9
process@resource://gre/modules/Promise.jsm -> resource://gre/modules/Promise-backend.js:917:23
walkerLoop@resource://gre/modules/Promise.jsm -> resource://gre/modules/Promise-backend.js:801:7
scheduleWalkerLoop/<@resource://gre/modules/Promise.jsm -> resource://gre/modules/Promise-backend.js:737:11

2017-07-24 16:07:26.756 plugin-container[4373:522624] *** CFMessagePort: bootstrap_register(): failed 1100 (0x44c) 'Permission denied', port = 0x913b, name = 'com.apple.tsm.portname'
See /usr/include/servers/bootstrap_defs.h for the error codes.
2017-07-24 16:07:26.759 plugin-container[4373:522624] *** CFMessagePort: bootstrap_register(): failed 1100 (0x44c) 'Permission denied', port = 0x9403, name = 'com.apple.CFPasteboardClient'
See /usr/include/servers/bootstrap_defs.h for the error codes.
1500934103106	geckodriver	INFO	Listening on 127.0.0.1:62366
1500934104144	geckodriver::marionette	INFO	Starting browser /Applications/Firefox.app/Contents/MacOS/firefox-bin with args ["-marionette"]
1500934105933	Marionette	INFO	Listening on port 62379
1500934106030	Marionette	WARN	TLS certificate errors will be ignored for this session
2017-07-24 16:08:26.521 plugin-container[4379:523180] *** CFMessagePort: bootstrap_register(): failed 1100 (0x44c) 'Permission denied', port = 0x913b, name = 'com.apple.tsm.portname'
See /usr/include/servers/bootstrap_defs.h for the error codes.
2017-07-24 16:08:26.528 plugin-container[4379:523180] *** CFMessagePort: bootstrap_register(): failed 1100 (0x44c) 'Permission denied', port = 0x9503, name = 'com.apple.CFPasteboardClient'
See /usr/include/servers/bootstrap_defs.h for the error codes.
1500934109513	addons.productaddons	WARN	Failed downloading via XHR, status: 0, reason: error
1500934562073	geckodriver	INFO	Listening on 127.0.0.1:51214
1500934563113	geckodriver::marionette	INFO	Starting browser /Applications/Firefox.app/Contents/MacOS/firefox-bin with args ["-marionette"]
1500934565329	Marionette	INFO	Listening on port 51227
1500934565427	Marionette	WARN	TLS certificate errors will be ignored for this session
2017-07-24 16:16:05.895 plugin-container[4420:530211] *** CFMessagePort: bootstrap_register(): failed 1100 (0x44c) 'Permission denied', port = 0x913b, name = 'com.apple.tsm.portname'
See /usr/include/servers/bootstrap_defs.h for the error codes.
2017-07-24 16:16:05.898 plugin-container[4420:530211] *** CFMessagePort: bootstrap_register(): failed 1100 (0x44c) 'Permission denied', port = 0x9503, name = 'com.apple.CFPasteboardClient'
See /usr/include/servers/bootstrap_defs.h for the error codes.
1500934650962	geckodriver	INFO	Listening on 127.0.0.1:53650
1500934652003	geckodriver::marionette	INFO	Starting browser /Applications/Firefox.app/Contents/MacOS/firefox-bin with args ["-marionette"]
1500934653816	Marionette	INFO	Listening on port 53663
1500934653929	Marionette	WARN	TLS certificate errors will be ignored for this session
2017-07-24 16:17:34.369 plugin-container[4429:531402] *** CFMessagePort: bootstrap_register(): failed 1100 (0x44c) 'Permission denied', port = 0x913b, name = 'com.apple.tsm.portname'
See /usr/include/servers/bootstrap_defs.h for the error codes.
2017-07-24 16:17:34.372 plugin-container[4429:531402] *** CFMessagePort: bootstrap_register(): failed 1100 (0x44c) 'Permission denied', port = 0x9403, name = 'com.apple.CFPasteboardClient'
See /usr/include/servers/bootstrap_defs.h for the error codes.
1500935067068	geckodriver	INFO	Listening on 127.0.0.1:63067
1500935068107	geckodriver::marionette	INFO	Starting browser /Applications/Firefox.app/Contents/MacOS/firefox-bin with args ["-marionette"]
1500935070072	Marionette	INFO	Listening on port 63080
1500935070133	Marionette	WARN	TLS certificate errors will be ignored for this session
2017-07-24 16:24:30.627 plugin-container[4443:534141] *** CFMessagePort: bootstrap_register(): failed 1100 (0x44c) 'Permission denied', port = 0x913b, name = 'com.apple.tsm.portname'
See /usr/include/servers/bootstrap_defs.h for the error codes.
2017-07-24 16:24:30.634 plugin-container[4443:534141] *** CFMessagePort: bootstrap_register(): failed 1100 (0x44c) 'Permission denied', port = 0x9503, name = 'com.apple.CFPasteboardClient'
See /usr/include/servers/bootstrap_defs.h for the error codes.
1500935115987	geckodriver	INFO	Listening on 127.0.0.1:63384
1500935117023	geckodriver::marionette	INFO	Starting browser /Applications/Firefox.app/Contents/MacOS/firefox-bin with args ["-marionette"]
1500935119033	Marionette	INFO	Listening on port 63398
1500935119132	Marionette	WARN	TLS certificate errors will be ignored for this session
2017-07-24 16:25:19.594 plugin-container[4449:534628] *** CFMessagePort: bootstrap_register(): failed 1100 (0x44c) 'Permission denied', port = 0x913b, name = 'com.apple.tsm.portname'
See /usr/include/servers/bootstrap_defs.h for the error codes.
2017-07-24 16:25:19.600 plugin-container[4449:534628] *** CFMessagePort: bootstrap_register(): failed 1100 (0x44c) 'Permission denied', port = 0x9403, name = 'com.apple.CFPasteboardClient'
See /usr/include/servers/bootstrap_defs.h for the error codes.
*************************
A coding exception was thrown and uncaught in a Task.

Full message: TypeError: NetworkError when attempting to fetch resource.
Full stack: 
*************************
1500940822217	geckodriver	INFO	Listening on 127.0.0.1:51830
1500940823255	geckodriver::marionette	INFO	Starting browser /Applications/Firefox.app/Contents/MacOS/firefox-bin with args ["-marionette"]
1500940825151	Marionette	INFO	Listening on port 51843
1500940825266	Marionette	WARN	TLS certificate errors will be ignored for this session
2017-07-24 18:00:25.705 plugin-container[4574:561508] *** CFMessagePort: bootstrap_register(): failed 1100 (0x44c) 'Permission denied', port = 0x9133, name = 'com.apple.tsm.portname'
See /usr/include/servers/bootstrap_defs.h for the error codes.
2017-07-24 18:00:25.708 plugin-container[4574:561508] *** CFMessagePort: bootstrap_register(): failed 1100 (0x44c) 'Permission denied', port = 0x9503, name = 'com.apple.CFPasteboardClient'
See /usr/include/servers/bootstrap_defs.h for the error codes.
1500940938914	geckodriver	INFO	Listening on 127.0.0.1:53538
1500940939959	geckodriver::marionette	INFO	Starting browser /Applications/Firefox.app/Contents/MacOS/firefox-bin with args ["-marionette"]
1500940942167	Marionette	INFO	Listening on port 53551
1500940942364	Marionette	WARN	TLS certificate errors will be ignored for this session
2017-07-24 18:02:22.995 plugin-container[4583:562205] *** CFMessagePort: bootstrap_register(): failed 1100 (0x44c) 'Permission denied', port = 0x9137, name = 'com.apple.tsm.portname'
See /usr/include/servers/bootstrap_defs.h for the error codes.
2017-07-24 18:02:22.999 plugin-container[4583:562205] *** CFMessagePort: bootstrap_register(): failed 1100 (0x44c) 'Permission denied', port = 0x9403, name = 'com.apple.CFPasteboardClient'
See /usr/include/servers/bootstrap_defs.h for the error codes.
*************************
A coding exception was thrown and uncaught in a Task.

Full message: TypeError: NetworkError when attempting to fetch resource.
Full stack: 
*************************
1500950988594	geckodriver	INFO	Listening on 127.0.0.1:64863
1500950989655	geckodriver::marionette	INFO	Starting browser /Applications/Firefox.app/Contents/MacOS/firefox-bin with args ["-marionette"]
1500950993054	Marionette	INFO	Listening on port 64877
1500950993203	Marionette	WARN	TLS certificate errors will be ignored for this session
2017-07-24 20:49:54.002 plugin-container[4856:623904] *** CFMessagePort: bootstrap_register(): failed 1100 (0x44c) 'Permission denied', port = 0x913b, name = 'com.apple.tsm.portname'
See /usr/include/servers/bootstrap_defs.h for the error codes.
2017-07-24 20:49:54.014 plugin-container[4856:623904] *** CFMessagePort: bootstrap_register(): failed 1100 (0x44c) 'Permission denied', port = 0x913f, name = 'com.apple.CFPasteboardClient'
See /usr/include/servers/bootstrap_defs.h for the error codes.
*************************
A coding exception was thrown and uncaught in a Task.

Full message: TypeError: NetworkError when attempting to fetch resource.
Full stack: 
*************************
1500958719246	geckodriver	INFO	Listening on 127.0.0.1:49653
1500958720299	geckodriver::marionette	INFO	Starting browser /Applications/Firefox.app/Contents/MacOS/firefox-bin with args ["-marionette"]
1500958723118	Marionette	INFO	Listening on port 49666
1500958723240	Marionette	WARN	TLS certificate errors will be ignored for this session
2017-07-24 22:58:43.753 plugin-container[5092:710232] *** CFMessagePort: bootstrap_register(): failed 1100 (0x44c) 'Permission denied', port = 0x913b, name = 'com.apple.tsm.portname'
See /usr/include/servers/bootstrap_defs.h for the error codes.
2017-07-24 22:58:43.754 plugin-container[5092:710232] *** CFMessagePort: bootstrap_register(): failed 1100 (0x44c) 'Permission denied', port = 0x9503, name = 'com.apple.CFPasteboardClient'
See /usr/include/servers/bootstrap_defs.h for the error codes.
*************************
A coding exception was thrown and uncaught in a Task.

Full message: TypeError: NetworkError when attempting to fetch resource.
Full stack: 
*************************
1500988926006	geckodriver	INFO	Listening on 127.0.0.1:52203
1500988927134	geckodriver::marionette	INFO	Starting browser /Applications/Firefox.app/Contents/MacOS/firefox-bin with args ["-marionette"]
1500988930993	Marionette	INFO	Listening on port 52216
1500988931102	Marionette	WARN	TLS certificate errors will be ignored for this session
2017-07-25 07:22:11.930 plugin-container[9564:880949] *** CFMessagePort: bootstrap_register(): failed 1100 (0x44c) 'Permission denied', port = 0x913b, name = 'com.apple.tsm.portname'
See /usr/include/servers/bootstrap_defs.h for the error codes.
2017-07-25 07:22:11.931 plugin-container[9564:880949] *** CFMessagePort: bootstrap_register(): failed 1100 (0x44c) 'Permission denied', port = 0x9503, name = 'com.apple.CFPasteboardClient'
See /usr/include/servers/bootstrap_defs.h for the error codes.
*************************
A coding exception was thrown and uncaught in a Task.

Full message: TypeError: NetworkError when attempting to fetch resource.
Full stack: 
*************************
[GFX1]: [Tiling:Client] Failed to allocate a TextureClient
[GFX1]: [Tiling:Client] Failed to allocate a TextureClient
[Child 9564] WARNING: pipe error: Broken pipe: file /builds/slave/m-rel-m64-00000000000000000000/build/src/ipc/chromium/src/chrome/common/ipc_channel_posix.cc, line 702
[Child 9564] WARNING: pipe error: Broken pipe: file /builds/slave/m-rel-m64-00000000000000000000/build/src/ipc/chromium/src/chrome/common/ipc_channel_posix.cc, line 702
